<?xml version="1.0" encoding="UTF-8"?>
<testng-results skipped="0" failed="0" ignored="0" total="1" passed="1">
  <reporter-output>
  </reporter-output>
  <suite name="Default suite" duration-ms="2523" started-at="2020-08-08T13:15:37 IST" finished-at="2020-08-08T13:15:39 IST">
    <groups>
    </groups>
    <test name="Default test" duration-ms="2523" started-at="2020-08-08T13:15:37 IST" finished-at="2020-08-08T13:15:39 IST">
      <class name="org.testing.TestScripts.PutRequestTC">
        <test-method status="PASS" signature="tc4()[pri:0, instance:org.testing.TestScripts.PutRequestTC@2a17b7b6]" name="tc4" duration-ms="2486" started-at="2020-08-08T13:15:37 IST" finished-at="2020-08-08T13:15:39 IST">
          <reporter-output>
          </reporter-output>
        </test-method> <!-- tc4 -->
      </class> <!-- org.testing.TestScripts.PutRequestTC -->
    </test> <!-- Default test -->
  </suite> <!-- Default suite -->
</testng-results>
