<?xml version="1.0" encoding="UTF-8"?>
<testng-results skipped="0" failed="0" ignored="0" total="1" passed="1">
  <reporter-output>
  </reporter-output>
  <suite name="Default suite" duration-ms="1825" started-at="2020-08-19T14:32:31 IST" finished-at="2020-08-19T14:32:33 IST">
    <groups>
    </groups>
    <test name="Default test" duration-ms="1825" started-at="2020-08-19T14:32:31 IST" finished-at="2020-08-19T14:32:33 IST">
      <class name="org.testing.TestScripts.DeleteRequestTC">
        <test-method status="PASS" signature="tc6()[pri:0, instance:org.testing.TestScripts.DeleteRequestTC@d44fc21]" name="tc6" duration-ms="1785" started-at="2020-08-19T14:32:31 IST" finished-at="2020-08-19T14:32:33 IST">
          <reporter-output>
          </reporter-output>
        </test-method> <!-- tc6 -->
        <test-method status="FAIL" signature="afterSuite()[pri:0, instance:org.testing.TestScripts.DeleteRequestTC@d44fc21]" name="afterSuite" is-config="true" duration-ms="2" started-at="2020-08-19T14:32:33 IST" finished-at="2020-08-19T14:32:33 IST">
          <exception class="java.lang.NoClassDefFoundError">
            <message>
              <![CDATA[org/jfree/data/general/PieDataset]]>
            </message>
            <full-stacktrace>
              <![CDATA[java.lang.NoClassDefFoundError: org/jfree/data/general/PieDataset
at org.testing.TestScripts.DeleteRequestTC.afterSuite(DeleteRequestTC.java:42)
at sun.reflect.NativeMethodAccessorImpl.invoke0(Native Method)
at sun.reflect.NativeMethodAccessorImpl.invoke(NativeMethodAccessorImpl.java:62)
at sun.reflect.DelegatingMethodAccessorImpl.invoke(DelegatingMethodAccessorImpl.java:43)
at java.lang.reflect.Method.invoke(Method.java:498)
at org.testng.internal.MethodInvocationHelper.invokeMethod(MethodInvocationHelper.java:135)
at org.testng.internal.MethodInvocationHelper.invokeMethodConsideringTimeout(MethodInvocationHelper.java:64)
at org.testng.internal.ConfigInvoker.invokeConfigurationMethod(ConfigInvoker.java:364)
at org.testng.internal.ConfigInvoker.invokeConfigurations(ConfigInvoker.java:318)
at org.testng.SuiteRunner.privateRun(SuiteRunner.java:351)
at org.testng.SuiteRunner.run(SuiteRunner.java:286)
at org.testng.SuiteRunnerWorker.runSuite(SuiteRunnerWorker.java:53)
at org.testng.SuiteRunnerWorker.run(SuiteRunnerWorker.java:96)
at org.testng.TestNG.runSuitesSequentially(TestNG.java:1214)
at org.testng.TestNG.runSuitesLocally(TestNG.java:1136)
at org.testng.TestNG.runSuites(TestNG.java:1066)
at org.testng.TestNG.run(TestNG.java:1034)
at org.testng.remote.AbstractRemoteTestNG.run(AbstractRemoteTestNG.java:115)
at org.testng.remote.RemoteTestNG.initAndRun(RemoteTestNG.java:251)
at org.testng.remote.RemoteTestNG.main(RemoteTestNG.java:77)
Caused by: java.lang.ClassNotFoundException: org.jfree.data.general.PieDataset
at java.net.URLClassLoader.findClass(URLClassLoader.java:382)
at java.lang.ClassLoader.loadClass(ClassLoader.java:418)
at sun.misc.Launcher$AppClassLoader.loadClass(Launcher.java:355)
at java.lang.ClassLoader.loadClass(ClassLoader.java:351)
... 20 more
]]>
            </full-stacktrace>
          </exception> <!-- java.lang.NoClassDefFoundError -->
          <reporter-output>
          </reporter-output>
        </test-method> <!-- afterSuite -->
      </class> <!-- org.testing.TestScripts.DeleteRequestTC -->
    </test> <!-- Default test -->
  </suite> <!-- Default suite -->
</testng-results>
